[test.assertion.1] line 8 assertion : FAILURE
VERIFICATION FAILED
