[foo.assertion.1] line 27 assertion Int_Var = 15: FAILURE
VERIFICATION FAILED
