[assertion.1] file test.adb line 9 Range Check: SUCCESS
[test.assertion.1] line 11 assertion j < 4: FAILURE
VERIFICATION FAILED
