[test.assertion.1] line 8 assertion : FAILURE
[test.assertion.2] line 11 assertion : SUCCESS
VERIFICATION FAILED
